Started GET "/" for ::1 at 2021-11-19 14:06:52 -0300
Processing by Rails::WelcomeController#index as HTML
  Rendering /var/lib/gems/2.7.0/gems/railties-5.2.6/lib/rails/templates/rails/welcome/index.html.erb
  Rendered /var/lib/gems/2.7.0/gems/railties-5.2.6/lib/rails/templates/rails/welcome/index.html.erb (7.3ms)
Completed 200 OK in 50ms (Views: 34.8ms | ActiveRecord: 0.0ms)


Started GET "/" for ::1 at 2021-11-19 14:10:32 -0300
Processing by Rails::WelcomeController#index as HTML
  Rendering /var/lib/gems/2.7.0/gems/railties-5.2.6/lib/rails/templates/rails/welcome/index.html.erb
  Rendered /var/lib/gems/2.7.0/gems/railties-5.2.6/lib/rails/templates/rails/welcome/index.html.erb (5.3ms)
Completed 200 OK in 9ms (Views: 7.6ms | ActiveRecord: 0.0ms)


Started GET "/" for ::1 at 2021-11-19 14:10:34 -0300
Processing by Rails::WelcomeController#index as HTML
  Rendering /var/lib/gems/2.7.0/gems/railties-5.2.6/lib/rails/templates/rails/welcome/index.html.erb
  Rendered /var/lib/gems/2.7.0/gems/railties-5.2.6/lib/rails/templates/rails/welcome/index.html.erb (3.8ms)
Completed 200 OK in 6ms (Views: 5.0ms | ActiveRecord: 0.0ms)


Started GET "/" for ::1 at 2021-11-19 14:12:01 -0300
Processing by Rails::WelcomeController#index as HTML
  Rendering /var/lib/gems/2.7.0/gems/railties-5.2.6/lib/rails/templates/rails/welcome/index.html.erb
  Rendered /var/lib/gems/2.7.0/gems/railties-5.2.6/lib/rails/templates/rails/welcome/index.html.erb (9.0ms)
Completed 200 OK in 13ms (Views: 10.9ms | ActiveRecord: 0.0ms)


Started GET "/articles" for ::1 at 2021-11-19 14:26:14 -0300
Processing by ArticlesController#index as HTML
  Rendering articles/index.html.erb within layouts/application
  Rendered articles/index.html.erb within layouts/application (0.3ms)
Completed 200 OK in 1104ms (Views: 1103.0ms | ActiveRecord: 0.0ms)


Started GET "/articles" for ::1 at 2021-11-19 14:27:14 -0300
Processing by ArticlesController#index as HTML
  Rendering articles/index.html.erb within layouts/application
  Rendered articles/index.html.erb within layouts/application (0.9ms)
Completed 200 OK in 32ms (Views: 29.9ms | ActiveRecord: 0.0ms)


Started GET "/articles" for ::1 at 2021-11-19 14:28:55 -0300
Processing by ArticlesController#index as HTML
  Rendering articles/index.html.erb within layouts/application
  Rendered articles/index.html.erb within layouts/application (0.2ms)
Completed 200 OK in 14ms (Views: 13.5ms | ActiveRecord: 0.0ms)


Started GET "/JS/atividade01.js" for ::1 at 2021-11-19 14:28:55 -0300
  
ActionController::RoutingError (No route matches [GET] "/JS/atividade01.js"):
  
actionpack (5.2.6) lib/action_dispatch/middleware/debug_exceptions.rb:65:in `call'
web-console (3.7.0) lib/web_console/middleware.rb:135:in `call_app'
web-console (3.7.0) lib/web_console/middleware.rb:30:in `block in call'
web-console (3.7.0) lib/web_console/middleware.rb:20:in `catch'
web-console (3.7.0) lib/web_console/middleware.rb:20:in `call'
actionpack (5.2.6) lib/action_dispatch/middleware/show_exceptions.rb:33:in `call'
railties (5.2.6) lib/rails/rack/logger.rb:38:in `call_app'
railties (5.2.6) lib/rails/rack/logger.rb:26:in `block in call'
activesupport (5.2.6) lib/active_support/tagged_logging.rb:71:in `block in tagged'
activesupport (5.2.6) lib/active_support/tagged_logging.rb:28:in `tagged'
activesupport (5.2.6) lib/active_support/tagged_logging.rb:71:in `tagged'
railties (5.2.6) lib/rails/rack/logger.rb:26:in `call'
sprockets-rails (3.4.0) lib/sprockets/rails/quiet_assets.rb:13:in `call'
actionpack (5.2.6) lib/action_dispatch/middleware/remote_ip.rb:81:in `call'
actionpack (5.2.6) lib/action_dispatch/middleware/request_id.rb:27:in `call'
rack (2.2.3) lib/rack/method_override.rb:24:in `call'
rack (2.2.3) lib/rack/runtime.rb:22:in `call'
activesupport (5.2.6) lib/active_support/cache/strategy/local_cache_middleware.rb:29:in `call'
actionpack (5.2.6) lib/action_dispatch/middleware/executor.rb:14:in `call'
actionpack (5.2.6) lib/action_dispatch/middleware/static.rb:127:in `call'
rack (2.2.3) lib/rack/sendfile.rb:110:in `call'
railties (5.2.6) lib/rails/engine.rb:524:in `call'
puma (3.12.6) lib/puma/configuration.rb:227:in `call'
puma (3.12.6) lib/puma/server.rb:706:in `handle_request'
puma (3.12.6) lib/puma/server.rb:476:in `process_client'
puma (3.12.6) lib/puma/server.rb:334:in `block in run'
puma (3.12.6) lib/puma/thread_pool.rb:135:in `block in spawn_thread'
Started GET "/" for ::1 at 2021-11-19 14:31:38 -0300
Processing by ArticlesController#index as HTML
  Rendering articles/index.html.erb within layouts/application
  Rendered articles/index.html.erb within layouts/application (0.3ms)
Completed 200 OK in 12ms (Views: 11.4ms | ActiveRecord: 0.0ms)


Started GET "/JS/atividade01.js" for ::1 at 2021-11-19 14:31:38 -0300
  
ActionController::RoutingError (No route matches [GET] "/JS/atividade01.js"):
  
actionpack (5.2.6) lib/action_dispatch/middleware/debug_exceptions.rb:65:in `call'
web-console (3.7.0) lib/web_console/middleware.rb:135:in `call_app'
web-console (3.7.0) lib/web_console/middleware.rb:30:in `block in call'
web-console (3.7.0) lib/web_console/middleware.rb:20:in `catch'
web-console (3.7.0) lib/web_console/middleware.rb:20:in `call'
actionpack (5.2.6) lib/action_dispatch/middleware/show_exceptions.rb:33:in `call'
railties (5.2.6) lib/rails/rack/logger.rb:38:in `call_app'
railties (5.2.6) lib/rails/rack/logger.rb:26:in `block in call'
activesupport (5.2.6) lib/active_support/tagged_logging.rb:71:in `block in tagged'
activesupport (5.2.6) lib/active_support/tagged_logging.rb:28:in `tagged'
activesupport (5.2.6) lib/active_support/tagged_logging.rb:71:in `tagged'
railties (5.2.6) lib/rails/rack/logger.rb:26:in `call'
sprockets-rails (3.4.0) lib/sprockets/rails/quiet_assets.rb:13:in `call'
actionpack (5.2.6) lib/action_dispatch/middleware/remote_ip.rb:81:in `call'
actionpack (5.2.6) lib/action_dispatch/middleware/request_id.rb:27:in `call'
rack (2.2.3) lib/rack/method_override.rb:24:in `call'
rack (2.2.3) lib/rack/runtime.rb:22:in `call'
activesupport (5.2.6) lib/active_support/cache/strategy/local_cache_middleware.rb:29:in `call'
actionpack (5.2.6) lib/action_dispatch/middleware/executor.rb:14:in `call'
actionpack (5.2.6) lib/action_dispatch/middleware/static.rb:127:in `call'
rack (2.2.3) lib/rack/sendfile.rb:110:in `call'
railties (5.2.6) lib/rails/engine.rb:524:in `call'
puma (3.12.6) lib/puma/configuration.rb:227:in `call'
puma (3.12.6) lib/puma/server.rb:706:in `handle_request'
puma (3.12.6) lib/puma/server.rb:476:in `process_client'
puma (3.12.6) lib/puma/server.rb:334:in `block in run'
puma (3.12.6) lib/puma/thread_pool.rb:135:in `block in spawn_thread'
Started GET "/" for ::1 at 2021-11-19 14:33:02 -0300
Processing by ArticlesController#index as HTML
  Rendering articles/index.html.erb within layouts/application
  Rendered articles/index.html.erb within layouts/application (0.6ms)
Completed 200 OK in 23ms (Views: 22.1ms | ActiveRecord: 0.0ms)


Started GET "/JS/atividade01.js" for ::1 at 2021-11-19 14:33:02 -0300
  
ActionController::RoutingError (No route matches [GET] "/JS/atividade01.js"):
  
actionpack (5.2.6) lib/action_dispatch/middleware/debug_exceptions.rb:65:in `call'
web-console (3.7.0) lib/web_console/middleware.rb:135:in `call_app'
web-console (3.7.0) lib/web_console/middleware.rb:30:in `block in call'
web-console (3.7.0) lib/web_console/middleware.rb:20:in `catch'
web-console (3.7.0) lib/web_console/middleware.rb:20:in `call'
actionpack (5.2.6) lib/action_dispatch/middleware/show_exceptions.rb:33:in `call'
railties (5.2.6) lib/rails/rack/logger.rb:38:in `call_app'
railties (5.2.6) lib/rails/rack/logger.rb:26:in `block in call'
activesupport (5.2.6) lib/active_support/tagged_logging.rb:71:in `block in tagged'
activesupport (5.2.6) lib/active_support/tagged_logging.rb:28:in `tagged'
activesupport (5.2.6) lib/active_support/tagged_logging.rb:71:in `tagged'
railties (5.2.6) lib/rails/rack/logger.rb:26:in `call'
sprockets-rails (3.4.0) lib/sprockets/rails/quiet_assets.rb:13:in `call'
actionpack (5.2.6) lib/action_dispatch/middleware/remote_ip.rb:81:in `call'
actionpack (5.2.6) lib/action_dispatch/middleware/request_id.rb:27:in `call'
rack (2.2.3) lib/rack/method_override.rb:24:in `call'
rack (2.2.3) lib/rack/runtime.rb:22:in `call'
activesupport (5.2.6) lib/active_support/cache/strategy/local_cache_middleware.rb:29:in `call'
actionpack (5.2.6) lib/action_dispatch/middleware/executor.rb:14:in `call'
actionpack (5.2.6) lib/action_dispatch/middleware/static.rb:127:in `call'
rack (2.2.3) lib/rack/sendfile.rb:110:in `call'
railties (5.2.6) lib/rails/engine.rb:524:in `call'
puma (3.12.6) lib/puma/configuration.rb:227:in `call'
puma (3.12.6) lib/puma/server.rb:706:in `handle_request'
puma (3.12.6) lib/puma/server.rb:476:in `process_client'
puma (3.12.6) lib/puma/server.rb:334:in `block in run'
puma (3.12.6) lib/puma/thread_pool.rb:135:in `block in spawn_thread'
Started GET "/" for ::1 at 2021-11-19 14:33:29 -0300
Processing by ArticlesController#index as HTML
  Rendering articles/index.html.erb within layouts/application
  Rendered articles/index.html.erb within layouts/application (0.5ms)
Completed 200 OK in 33ms (Views: 31.2ms | ActiveRecord: 0.0ms)


Started GET "/" for ::1 at 2021-11-19 14:37:01 -0300
Processing by ArticlesController#index as HTML
  Rendering articles/index.html.erb within layouts/application
  Rendered articles/index.html.erb within layouts/application (0.7ms)
Completed 200 OK in 34ms (Views: 32.1ms | ActiveRecord: 0.0ms)


Started GET "/" for ::1 at 2021-11-19 14:37:21 -0300
Processing by ArticlesController#index as HTML
  Rendering articles/index.html.erb within layouts/application
  Rendered articles/index.html.erb within layouts/application (0.5ms)
Completed 200 OK in 22ms (Views: 20.4ms | ActiveRecord: 0.0ms)


Started GET "/" for ::1 at 2021-11-19 14:41:53 -0300
Processing by ArticlesController#index as HTML
  Rendering articles/index.html.erb within layouts/application
  Rendered articles/index.html.erb within layouts/application (0.5ms)
Completed 200 OK in 23ms (Views: 22.0ms | ActiveRecord: 0.0ms)


Started GET "/" for ::1 at 2021-11-19 14:45:32 -0300
Processing by ArticlesController#index as HTML
  Rendering articles/index.html.erb within layouts/application
  Rendered articles/index.html.erb within layouts/application (0.7ms)
Completed 200 OK in 32ms (Views: 30.8ms | ActiveRecord: 0.0ms)


Started GET "/" for ::1 at 2021-11-19 14:47:27 -0300
Processing by ArticlesController#index as HTML
  Rendering articles/index.html.erb within layouts/application
  Rendered articles/index.html.erb within layouts/application (0.7ms)
Completed 200 OK in 33ms (Views: 31.0ms | ActiveRecord: 0.0ms)


Started GET "/" for ::1 at 2021-11-19 14:48:10 -0300
Processing by ArticlesController#index as HTML
  Rendering articles/index.html.erb within layouts/application
  Rendered articles/index.html.erb within layouts/application (0.6ms)
Completed 200 OK in 35ms (Views: 32.5ms | ActiveRecord: 0.0ms)


Started GET "/" for ::1 at 2021-11-19 14:49:06 -0300
Processing by ArticlesController#index as HTML
  Rendering articles/index.html.erb within layouts/application
  Rendered articles/index.html.erb within layouts/application (0.7ms)
Completed 200 OK in 25ms (Views: 23.3ms | ActiveRecord: 0.0ms)


Started GET "/" for ::1 at 2021-11-19 14:50:36 -0300
Processing by ArticlesController#index as HTML
  Rendering articles/index.html.erb within layouts/application
  Rendered articles/index.html.erb within layouts/application (0.9ms)
Completed 200 OK in 28ms (Views: 25.1ms | ActiveRecord: 0.0ms)


Started GET "/" for ::1 at 2021-11-19 14:51:17 -0300
Processing by ArticlesController#index as HTML
  Rendering articles/index.html.erb within layouts/application
  Rendered articles/index.html.erb within layouts/application (0.9ms)
Completed 200 OK in 28ms (Views: 26.1ms | ActiveRecord: 0.0ms)


Started GET "/" for ::1 at 2021-11-19 14:51:21 -0300
Processing by ArticlesController#index as HTML
  Rendering articles/index.html.erb within layouts/application
  Rendered articles/index.html.erb within layouts/application (0.4ms)
Completed 200 OK in 13ms (Views: 12.0ms | ActiveRecord: 0.0ms)


Started GET "/" for ::1 at 2021-11-19 14:51:35 -0300
Processing by ArticlesController#index as HTML
  Rendering articles/index.html.erb within layouts/application
  Rendered articles/index.html.erb within layouts/application (0.8ms)
Completed 200 OK in 26ms (Views: 24.4ms | ActiveRecord: 0.0ms)


Started GET "/" for ::1 at 2021-11-19 14:51:55 -0300
Processing by ArticlesController#index as HTML
  Rendering articles/index.html.erb within layouts/application
  Rendered articles/index.html.erb within layouts/application (0.7ms)
Completed 200 OK in 27ms (Views: 26.0ms | ActiveRecord: 0.0ms)


Started GET "/" for ::1 at 2021-11-19 14:55:33 -0300
Processing by ArticlesController#index as HTML
  Rendering articles/index.html.erb within layouts/application
  Rendered articles/index.html.erb within layouts/application (0.7ms)
Completed 200 OK in 52ms (Views: 51.4ms | ActiveRecord: 0.0ms)


Started GET "/articles2" for ::1 at 2021-11-19 14:55:35 -0300
Processing by Articles2Controller#index as HTML
  Rendering articles2/index.html.erb within layouts/application
  Rendered articles2/index.html.erb within layouts/application (1.7ms)
Completed 200 OK in 37ms (Views: 34.7ms | ActiveRecord: 0.0ms)


Started GET "/articles2" for ::1 at 2021-11-19 14:56:08 -0300
Processing by Articles2Controller#index as HTML
  Rendering articles2/index.html.erb within layouts/application
  Rendered articles2/index.html.erb within layouts/application (0.6ms)
Completed 200 OK in 37ms (Views: 34.8ms | ActiveRecord: 0.0ms)


Started GET "/articles2" for ::1 at 2021-11-19 14:57:12 -0300
Processing by Articles2Controller#index as HTML
  Rendering articles2/index.html.erb within layouts/application
  Rendered articles2/index.html.erb within layouts/application (0.6ms)
Completed 200 OK in 18ms (Views: 17.3ms | ActiveRecord: 0.0ms)


Started GET "/articles2" for ::1 at 2021-11-19 14:57:14 -0300
Processing by Articles2Controller#index as HTML
  Rendering articles2/index.html.erb within layouts/application
  Rendered articles2/index.html.erb within layouts/application (0.4ms)
Completed 200 OK in 19ms (Views: 18.3ms | ActiveRecord: 0.0ms)


Started GET "/articles2" for ::1 at 2021-11-19 14:59:21 -0300
  
ActiveRecord::PendingMigrationError (

Migrations are pending. To resolve this issue, run:

        bin/rails db:migrate RAILS_ENV=development

):
  
activerecord (5.2.6) lib/active_record/migration.rb:579:in `check_pending!'
activerecord (5.2.6) lib/active_record/migration.rb:556:in `call'
actionpack (5.2.6) lib/action_dispatch/middleware/callbacks.rb:28:in `block in call'
activesupport (5.2.6) lib/active_support/callbacks.rb:98:in `run_callbacks'
actionpack (5.2.6) lib/action_dispatch/middleware/callbacks.rb:26:in `call'
actionpack (5.2.6) lib/action_dispatch/middleware/executor.rb:14:in `call'
actionpack (5.2.6) lib/action_dispatch/middleware/debug_exceptions.rb:61:in `call'
web-console (3.7.0) lib/web_console/middleware.rb:135:in `call_app'
web-console (3.7.0) lib/web_console/middleware.rb:30:in `block in call'
web-console (3.7.0) lib/web_console/middleware.rb:20:in `catch'
web-console (3.7.0) lib/web_console/middleware.rb:20:in `call'
actionpack (5.2.6) lib/action_dispatch/middleware/show_exceptions.rb:33:in `call'
railties (5.2.6) lib/rails/rack/logger.rb:38:in `call_app'
railties (5.2.6) lib/rails/rack/logger.rb:26:in `block in call'
activesupport (5.2.6) lib/active_support/tagged_logging.rb:71:in `block in tagged'
activesupport (5.2.6) lib/active_support/tagged_logging.rb:28:in `tagged'
activesupport (5.2.6) lib/active_support/tagged_logging.rb:71:in `tagged'
railties (5.2.6) lib/rails/rack/logger.rb:26:in `call'
sprockets-rails (3.4.0) lib/sprockets/rails/quiet_assets.rb:13:in `call'
actionpack (5.2.6) lib/action_dispatch/middleware/remote_ip.rb:81:in `call'
actionpack (5.2.6) lib/action_dispatch/middleware/request_id.rb:27:in `call'
rack (2.2.3) lib/rack/method_override.rb:24:in `call'
rack (2.2.3) lib/rack/runtime.rb:22:in `call'
activesupport (5.2.6) lib/active_support/cache/strategy/local_cache_middleware.rb:29:in `call'
actionpack (5.2.6) lib/action_dispatch/middleware/executor.rb:14:in `call'
actionpack (5.2.6) lib/action_dispatch/middleware/static.rb:127:in `call'
rack (2.2.3) lib/rack/sendfile.rb:110:in `call'
railties (5.2.6) lib/rails/engine.rb:524:in `call'
puma (3.12.6) lib/puma/configuration.rb:227:in `call'
puma (3.12.6) lib/puma/server.rb:706:in `handle_request'
puma (3.12.6) lib/puma/server.rb:476:in `process_client'
puma (3.12.6) lib/puma/server.rb:334:in `block in run'
puma (3.12.6) lib/puma/thread_pool.rb:135:in `block in spawn_thread'
Started GET "/" for ::1 at 2021-11-19 14:59:46 -0300
  
ActiveRecord::PendingMigrationError (

Migrations are pending. To resolve this issue, run:

        bin/rails db:migrate RAILS_ENV=development

):
  
activerecord (5.2.6) lib/active_record/migration.rb:579:in `check_pending!'
activerecord (5.2.6) lib/active_record/migration.rb:556:in `call'
actionpack (5.2.6) lib/action_dispatch/middleware/callbacks.rb:28:in `block in call'
activesupport (5.2.6) lib/active_support/callbacks.rb:98:in `run_callbacks'
actionpack (5.2.6) lib/action_dispatch/middleware/callbacks.rb:26:in `call'
actionpack (5.2.6) lib/action_dispatch/middleware/executor.rb:14:in `call'
actionpack (5.2.6) lib/action_dispatch/middleware/debug_exceptions.rb:61:in `call'
web-console (3.7.0) lib/web_console/middleware.rb:135:in `call_app'
web-console (3.7.0) lib/web_console/middleware.rb:30:in `block in call'
web-console (3.7.0) lib/web_console/middleware.rb:20:in `catch'
web-console (3.7.0) lib/web_console/middleware.rb:20:in `call'
actionpack (5.2.6) lib/action_dispatch/middleware/show_exceptions.rb:33:in `call'
railties (5.2.6) lib/rails/rack/logger.rb:38:in `call_app'
railties (5.2.6) lib/rails/rack/logger.rb:26:in `block in call'
activesupport (5.2.6) lib/active_support/tagged_logging.rb:71:in `block in tagged'
activesupport (5.2.6) lib/active_support/tagged_logging.rb:28:in `tagged'
activesupport (5.2.6) lib/active_support/tagged_logging.rb:71:in `tagged'
railties (5.2.6) lib/rails/rack/logger.rb:26:in `call'
sprockets-rails (3.4.0) lib/sprockets/rails/quiet_assets.rb:13:in `call'
actionpack (5.2.6) lib/action_dispatch/middleware/remote_ip.rb:81:in `call'
actionpack (5.2.6) lib/action_dispatch/middleware/request_id.rb:27:in `call'
rack (2.2.3) lib/rack/method_override.rb:24:in `call'
rack (2.2.3) lib/rack/runtime.rb:22:in `call'
activesupport (5.2.6) lib/active_support/cache/strategy/local_cache_middleware.rb:29:in `call'
actionpack (5.2.6) lib/action_dispatch/middleware/executor.rb:14:in `call'
actionpack (5.2.6) lib/action_dispatch/middleware/static.rb:127:in `call'
rack (2.2.3) lib/rack/sendfile.rb:110:in `call'
railties (5.2.6) lib/rails/engine.rb:524:in `call'
puma (3.12.6) lib/puma/configuration.rb:227:in `call'
puma (3.12.6) lib/puma/server.rb:706:in `handle_request'
puma (3.12.6) lib/puma/server.rb:476:in `process_client'
puma (3.12.6) lib/puma/server.rb:334:in `block in run'
puma (3.12.6) lib/puma/thread_pool.rb:135:in `block in spawn_thread'
  [1m[35m (0.0ms)[0m  [1m[34mSELECT sqlite_version(*)[0m
  ↳ bin/rails:9
  [1m[35m (89.7ms)[0m  [1m[35mCREATE TABLE "schema_migrations" ("version" varchar NOT NULL PRIMARY KEY)[0m
  ↳ bin/rails:9
  [1m[35m (149.6ms)[0m  [1m[35mCREATE TABLE "ar_internal_metadata" ("key" varchar NOT NULL PRIMARY KEY, "value" varchar, "created_at" datetime NOT NULL, "updated_at" datetime NOT NULL)[0m
  ↳ bin/rails:9
  [1m[35m (0.1ms)[0m  [1m[34mSELECT "schema_migrations"."version" FROM "schema_migrations" ORDER BY "schema_migrations"."version" ASC[0m
  ↳ bin/rails:9
Migrating to CreateArticles (20211119175838)
  [1m[35m (0.1ms)[0m  [1m[36mbegin transaction[0m
  ↳ bin/rails:9
  [1m[35m (0.7ms)[0m  [1m[35mCREATE TABLE "articles" ("id" integer PRIMARY KEY AUTOINCREMENT NOT NULL, "title" varchar, "body" text, "created_at" datetime NOT NULL, "updated_at" datetime NOT NULL)[0m
  ↳ db/migrate/20211119175838_create_articles.rb:3
  [1m[36mActiveRecord::SchemaMigration Create (0.1ms)[0m  [1m[32mINSERT INTO "schema_migrations" ("version") VALUES (?)[0m  [["version", "20211119175838"]]
  ↳ bin/rails:9
  [1m[35m (150.0ms)[0m  [1m[36mcommit transaction[0m
  ↳ bin/rails:9
  [1m[36mActiveRecord::InternalMetadata Load (0.2ms)[0m  [1m[34mSELECT  "ar_internal_metadata".* FROM "ar_internal_metadata" WHERE "ar_internal_metadata"."key" = ? LIMIT ?[0m  [["key", "environment"], ["LIMIT", 1]]
  ↳ bin/rails:9
  [1m[35m (0.0ms)[0m  [1m[36mbegin transaction[0m
  ↳ bin/rails:9
  [1m[36mActiveRecord::InternalMetadata Create (0.2ms)[0m  [1m[32mINSERT INTO "ar_internal_metadata" ("key", "value", "created_at", "updated_at") VALUES (?, ?, ?, ?)[0m  [["key", "environment"], ["value", "development"], ["created_at", "2021-11-19 18:03:24.385281"], ["updated_at", "2021-11-19 18:03:24.385281"]]
  ↳ bin/rails:9
  [1m[35m (75.0ms)[0m  [1m[36mcommit transaction[0m
  ↳ bin/rails:9
  [1m[35m (0.1ms)[0m  [1m[34mSELECT "schema_migrations"."version" FROM "schema_migrations" ORDER BY "schema_migrations"."version" ASC[0m
  ↳ bin/rails:9
Started GET "/" for ::1 at 2021-11-19 15:03:31 -0300
  [1m[35m (0.3ms)[0m  [1m[34mSELECT "schema_migrations"."version" FROM "schema_migrations" ORDER BY "schema_migrations"."version" ASC[0m
  ↳ /var/lib/gems/2.7.0/gems/activerecord-5.2.6/lib/active_record/log_subscriber.rb:98
Processing by ArticlesController#index as HTML
  Rendering articles/index.html.erb within layouts/application
  Rendered articles/index.html.erb within layouts/application (0.5ms)
Completed 200 OK in 15ms (Views: 14.2ms | ActiveRecord: 0.0ms)


Started GET "/articles2" for ::1 at 2021-11-19 15:03:45 -0300
Processing by Articles2Controller#index as HTML
  Rendering articles2/index.html.erb within layouts/application
  Rendered articles2/index.html.erb within layouts/application (1.0ms)
Completed 200 OK in 27ms (Views: 23.3ms | ActiveRecord: 0.0ms)


Started GET "/articles2" for ::1 at 2021-11-19 15:12:00 -0300
Processing by Articles2Controller#index as HTML
  Rendering articles2/index.html.erb within layouts/application
  Rendered articles2/index.html.erb within layouts/application (0.5ms)
Completed 200 OK in 47ms (Views: 46.2ms | ActiveRecord: 0.0ms)


Started GET "/articles3" for ::1 at 2021-11-19 15:12:01 -0300
Processing by Articles3Controller#index as HTML
  Rendering articles3/index.html.erb within layouts/application
  Rendered articles3/index.html.erb within layouts/application (0.6ms)
Completed 200 OK in 30ms (Views: 27.9ms | ActiveRecord: 0.0ms)


Started GET "/articles3" for ::1 at 2021-11-19 15:18:52 -0300
Processing by Articles3Controller#index as HTML
  Rendering articles3/index.html.erb within layouts/application
  Rendered articles3/index.html.erb within layouts/application (0.7ms)
Completed 200 OK in 25ms (Views: 23.3ms | ActiveRecord: 0.0ms)


Started GET "/articles3" for ::1 at 2021-11-19 15:20:11 -0300
Processing by Articles3Controller#index as HTML
  Rendering articles3/index.html.erb within layouts/application
  Rendered articles3/index.html.erb within layouts/application (0.7ms)
Completed 200 OK in 30ms (Views: 29.1ms | ActiveRecord: 0.0ms)


Started GET "/articles3" for ::1 at 2021-11-19 15:20:49 -0300
Processing by Articles3Controller#index as HTML
  Rendering articles3/index.html.erb within layouts/application
  Rendered articles3/index.html.erb within layouts/application (0.8ms)
Completed 200 OK in 46ms (Views: 43.2ms | ActiveRecord: 0.0ms)


Started GET "/articles3" for ::1 at 2021-11-19 15:21:35 -0300
Processing by Articles3Controller#index as HTML
  Rendering articles3/index.html.erb within layouts/application
  Rendered articles3/index.html.erb within layouts/application (0.3ms)
Completed 200 OK in 19ms (Views: 18.7ms | ActiveRecord: 0.0ms)


Started GET "/articles3" for ::1 at 2021-11-19 15:21:58 -0300
Processing by Articles3Controller#index as HTML
  Rendering articles3/index.html.erb within layouts/application
  Rendered articles3/index.html.erb within layouts/application (0.9ms)
Completed 200 OK in 33ms (Views: 32.2ms | ActiveRecord: 0.0ms)


Started GET "/articles3" for ::1 at 2021-11-19 15:24:04 -0300
Processing by Articles3Controller#index as HTML
  Rendering articles3/index.html.erb within layouts/application
  Rendered articles3/index.html.erb within layouts/application (5.2ms)
Completed 500 Internal Server Error in 13ms (ActiveRecord: 0.0ms)


  
ActionView::Template::Error (undefined method `each' for nil:NilClass):
    13:         <p><h1>Articles</h1>
    14: 
    15: <ul>
    16:   <% @articles.each do |article| %>
    17:     <li>
    18:       <%= article.title %>
    19:     </li>
  
app/views/articles3/index.html.erb:16:in `_app_views_articles__index_html_erb___3168448216619003120_25520'
Started GET "/articles3" for ::1 at 2021-11-19 15:26:28 -0300
Processing by Articles3Controller#index as HTML
  Rendering articles3/index.html.erb within layouts/application
  Rendered articles3/index.html.erb within layouts/application (0.6ms)
Completed 200 OK in 52ms (Views: 50.8ms | ActiveRecord: 0.0ms)


Started GET "/articles4" for ::1 at 2021-11-19 15:26:37 -0300
Processing by Articles4Controller#index as HTML
  Rendering articles4/index.html.erb within layouts/application
  Rendered articles4/index.html.erb within layouts/application (4.0ms)
Completed 500 Internal Server Error in 9ms (ActiveRecord: 0.0ms)


  
ActionView::Template::Error (undefined method `each' for nil:NilClass):
    1: <h1>Articles</h1>
    2: 
    3: <ul>
    4:   <% @articles.each do |article| %>
    5:     <li>
    6:       <%= article.title %>
    7:     </li>
  
app/views/articles4/index.html.erb:4:in `_app_views_articles__index_html_erb___191231590634888165_27660'
Started GET "/articles4" for ::1 at 2021-11-19 15:28:18 -0300
  
LoadError (Unable to autoload constant Articles4Controller, expected /home/anahvi/dev/prevision/bteste/app/controllers/articles4_controller.rb to define it):
  
activesupport (5.2.6) lib/active_support/dependencies.rb:511:in `load_missing_constant'
activesupport (5.2.6) lib/active_support/dependencies.rb:195:in `const_missing'
activesupport (5.2.6) lib/active_support/inflector/methods.rb:283:in `const_get'
activesupport (5.2.6) lib/active_support/inflector/methods.rb:283:in `block in constantize'
activesupport (5.2.6) lib/active_support/inflector/methods.rb:281:in `each'
activesupport (5.2.6) lib/active_support/inflector/methods.rb:281:in `inject'
activesupport (5.2.6) lib/active_support/inflector/methods.rb:281:in `constantize'
activesupport (5.2.6) lib/active_support/dependencies.rb:582:in `get'
activesupport (5.2.6) lib/active_support/dependencies.rb:613:in `constantize'
actionpack (5.2.6) lib/action_dispatch/http/request.rb:88:in `controller_class_for'
actionpack (5.2.6) lib/action_dispatch/http/parameters.rb:101:in `binary_params_for?'
actionpack (5.2.6) lib/action_dispatch/http/parameters.rb:92:in `set_binary_encoding'
actionpack (5.2.6) lib/action_dispatch/http/parameters.rb:69:in `path_parameters='
actionpack (5.2.6) lib/action_dispatch/journey/router.rb:50:in `block in serve'
actionpack (5.2.6) lib/action_dispatch/journey/router.rb:35:in `each'
actionpack (5.2.6) lib/action_dispatch/journey/router.rb:35:in `serve'
actionpack (5.2.6) lib/action_dispatch/routing/route_set.rb:840:in `call'
rack (2.2.3) lib/rack/tempfile_reaper.rb:15:in `call'
rack (2.2.3) lib/rack/etag.rb:27:in `call'
rack (2.2.3) lib/rack/conditional_get.rb:27:in `call'
rack (2.2.3) lib/rack/head.rb:12:in `call'
actionpack (5.2.6) lib/action_dispatch/http/content_security_policy.rb:18:in `call'
rack (2.2.3) lib/rack/session/abstract/id.rb:266:in `context'
rack (2.2.3) lib/rack/session/abstract/id.rb:260:in `call'
actionpack (5.2.6) lib/action_dispatch/middleware/cookies.rb:670:in `call'
activerecord (5.2.6) lib/active_record/migration.rb:559:in `call'
actionpack (5.2.6) lib/action_dispatch/middleware/callbacks.rb:28:in `block in call'
activesupport (5.2.6) lib/active_support/callbacks.rb:98:in `run_callbacks'
actionpack (5.2.6) lib/action_dispatch/middleware/callbacks.rb:26:in `call'
actionpack (5.2.6) lib/action_dispatch/middleware/executor.rb:14:in `call'
actionpack (5.2.6) lib/action_dispatch/middleware/debug_exceptions.rb:61:in `call'
web-console (3.7.0) lib/web_console/middleware.rb:135:in `call_app'
web-console (3.7.0) lib/web_console/middleware.rb:30:in `block in call'
web-console (3.7.0) lib/web_console/middleware.rb:20:in `catch'
web-console (3.7.0) lib/web_console/middleware.rb:20:in `call'
actionpack (5.2.6) lib/action_dispatch/middleware/show_exceptions.rb:33:in `call'
railties (5.2.6) lib/rails/rack/logger.rb:38:in `call_app'
railties (5.2.6) lib/rails/rack/logger.rb:26:in `block in call'
activesupport (5.2.6) lib/active_support/tagged_logging.rb:71:in `block in tagged'
activesupport (5.2.6) lib/active_support/tagged_logging.rb:28:in `tagged'
activesupport (5.2.6) lib/active_support/tagged_logging.rb:71:in `tagged'
railties (5.2.6) lib/rails/rack/logger.rb:26:in `call'
sprockets-rails (3.4.0) lib/sprockets/rails/quiet_assets.rb:13:in `call'
actionpack (5.2.6) lib/action_dispatch/middleware/remote_ip.rb:81:in `call'
actionpack (5.2.6) lib/action_dispatch/middleware/request_id.rb:27:in `call'
rack (2.2.3) lib/rack/method_override.rb:24:in `call'
rack (2.2.3) lib/rack/runtime.rb:22:in `call'
activesupport (5.2.6) lib/active_support/cache/strategy/local_cache_middleware.rb:29:in `call'
actionpack (5.2.6) lib/action_dispatch/middleware/executor.rb:14:in `call'
actionpack (5.2.6) lib/action_dispatch/middleware/static.rb:127:in `call'
rack (2.2.3) lib/rack/sendfile.rb:110:in `call'
railties (5.2.6) lib/rails/engine.rb:524:in `call'
puma (3.12.6) lib/puma/configuration.rb:227:in `call'
puma (3.12.6) lib/puma/server.rb:706:in `handle_request'
puma (3.12.6) lib/puma/server.rb:476:in `process_client'
puma (3.12.6) lib/puma/server.rb:334:in `block in run'
puma (3.12.6) lib/puma/thread_pool.rb:135:in `block in spawn_thread'
Started GET "/articles4" for ::1 at 2021-11-19 15:28:55 -0300
  
LoadError (Unable to autoload constant Articles4Controller, expected /home/anahvi/dev/prevision/bteste/app/controllers/articles4_controller.rb to define it):
  
activesupport (5.2.6) lib/active_support/dependencies.rb:511:in `load_missing_constant'
activesupport (5.2.6) lib/active_support/dependencies.rb:195:in `const_missing'
activesupport (5.2.6) lib/active_support/inflector/methods.rb:283:in `const_get'
activesupport (5.2.6) lib/active_support/inflector/methods.rb:283:in `block in constantize'
activesupport (5.2.6) lib/active_support/inflector/methods.rb:281:in `each'
activesupport (5.2.6) lib/active_support/inflector/methods.rb:281:in `inject'
activesupport (5.2.6) lib/active_support/inflector/methods.rb:281:in `constantize'
activesupport (5.2.6) lib/active_support/dependencies.rb:582:in `get'
activesupport (5.2.6) lib/active_support/dependencies.rb:613:in `constantize'
actionpack (5.2.6) lib/action_dispatch/http/request.rb:88:in `controller_class_for'
actionpack (5.2.6) lib/action_dispatch/http/parameters.rb:101:in `binary_params_for?'
actionpack (5.2.6) lib/action_dispatch/http/parameters.rb:92:in `set_binary_encoding'
actionpack (5.2.6) lib/action_dispatch/http/parameters.rb:69:in `path_parameters='
actionpack (5.2.6) lib/action_dispatch/journey/router.rb:50:in `block in serve'
actionpack (5.2.6) lib/action_dispatch/journey/router.rb:35:in `each'
actionpack (5.2.6) lib/action_dispatch/journey/router.rb:35:in `serve'
actionpack (5.2.6) lib/action_dispatch/routing/route_set.rb:840:in `call'
rack (2.2.3) lib/rack/tempfile_reaper.rb:15:in `call'
rack (2.2.3) lib/rack/etag.rb:27:in `call'
rack (2.2.3) lib/rack/conditional_get.rb:27:in `call'
rack (2.2.3) lib/rack/head.rb:12:in `call'
actionpack (5.2.6) lib/action_dispatch/http/content_security_policy.rb:18:in `call'
rack (2.2.3) lib/rack/session/abstract/id.rb:266:in `context'
rack (2.2.3) lib/rack/session/abstract/id.rb:260:in `call'
actionpack (5.2.6) lib/action_dispatch/middleware/cookies.rb:670:in `call'
activerecord (5.2.6) lib/active_record/migration.rb:559:in `call'
actionpack (5.2.6) lib/action_dispatch/middleware/callbacks.rb:28:in `block in call'
activesupport (5.2.6) lib/active_support/callbacks.rb:98:in `run_callbacks'
actionpack (5.2.6) lib/action_dispatch/middleware/callbacks.rb:26:in `call'
actionpack (5.2.6) lib/action_dispatch/middleware/executor.rb:14:in `call'
actionpack (5.2.6) lib/action_dispatch/middleware/debug_exceptions.rb:61:in `call'
web-console (3.7.0) lib/web_console/middleware.rb:135:in `call_app'
web-console (3.7.0) lib/web_console/middleware.rb:30:in `block in call'
web-console (3.7.0) lib/web_console/middleware.rb:20:in `catch'
web-console (3.7.0) lib/web_console/middleware.rb:20:in `call'
actionpack (5.2.6) lib/action_dispatch/middleware/show_exceptions.rb:33:in `call'
railties (5.2.6) lib/rails/rack/logger.rb:38:in `call_app'
railties (5.2.6) lib/rails/rack/logger.rb:26:in `block in call'
activesupport (5.2.6) lib/active_support/tagged_logging.rb:71:in `block in tagged'
activesupport (5.2.6) lib/active_support/tagged_logging.rb:28:in `tagged'
activesupport (5.2.6) lib/active_support/tagged_logging.rb:71:in `tagged'
railties (5.2.6) lib/rails/rack/logger.rb:26:in `call'
sprockets-rails (3.4.0) lib/sprockets/rails/quiet_assets.rb:13:in `call'
actionpack (5.2.6) lib/action_dispatch/middleware/remote_ip.rb:81:in `call'
actionpack (5.2.6) lib/action_dispatch/middleware/request_id.rb:27:in `call'
rack (2.2.3) lib/rack/method_override.rb:24:in `call'
rack (2.2.3) lib/rack/runtime.rb:22:in `call'
activesupport (5.2.6) lib/active_support/cache/strategy/local_cache_middleware.rb:29:in `call'
actionpack (5.2.6) lib/action_dispatch/middleware/executor.rb:14:in `call'
actionpack (5.2.6) lib/action_dispatch/middleware/static.rb:127:in `call'
rack (2.2.3) lib/rack/sendfile.rb:110:in `call'
railties (5.2.6) lib/rails/engine.rb:524:in `call'
puma (3.12.6) lib/puma/configuration.rb:227:in `call'
puma (3.12.6) lib/puma/server.rb:706:in `handle_request'
puma (3.12.6) lib/puma/server.rb:476:in `process_client'
puma (3.12.6) lib/puma/server.rb:334:in `block in run'
puma (3.12.6) lib/puma/thread_pool.rb:135:in `block in spawn_thread'
  [1m[35m (0.1ms)[0m  [1m[36mbegin transaction[0m
  [1m[36mArticle Create (1.4ms)[0m  [1m[32mINSERT INTO "articles" ("title", "body", "created_at", "updated_at") VALUES (?, ?, ?, ?)[0m  [["title", "Hello Rails"], ["body", "I am on Rails!"], ["created_at", "2021-11-19 18:31:10.471006"], ["updated_at", "2021-11-19 18:31:10.471006"]]
  [1m[35m (122.8ms)[0m  [1m[36mcommit transaction[0m
  [1m[36mArticle Load (0.1ms)[0m  [1m[34mSELECT  "articles".* FROM "articles" WHERE "articles"."id" = ? LIMIT ?[0m  [["id", 1], ["LIMIT", 1]]
  [1m[36mArticle Load (0.1ms)[0m  [1m[34mSELECT  "articles".* FROM "articles" LIMIT ?[0m  [["LIMIT", 11]]
Started GET "/articles4" for ::1 at 2021-11-19 15:32:15 -0300
  
LoadError (Unable to autoload constant Articles4Controller, expected /home/anahvi/dev/prevision/bteste/app/controllers/articles4_controller.rb to define it):
  
activesupport (5.2.6) lib/active_support/dependencies.rb:511:in `load_missing_constant'
activesupport (5.2.6) lib/active_support/dependencies.rb:195:in `const_missing'
activesupport (5.2.6) lib/active_support/inflector/methods.rb:283:in `const_get'
activesupport (5.2.6) lib/active_support/inflector/methods.rb:283:in `block in constantize'
activesupport (5.2.6) lib/active_support/inflector/methods.rb:281:in `each'
activesupport (5.2.6) lib/active_support/inflector/methods.rb:281:in `inject'
activesupport (5.2.6) lib/active_support/inflector/methods.rb:281:in `constantize'
activesupport (5.2.6) lib/active_support/dependencies.rb:582:in `get'
activesupport (5.2.6) lib/active_support/dependencies.rb:613:in `constantize'
actionpack (5.2.6) lib/action_dispatch/http/request.rb:88:in `controller_class_for'
actionpack (5.2.6) lib/action_dispatch/http/parameters.rb:101:in `binary_params_for?'
actionpack (5.2.6) lib/action_dispatch/http/parameters.rb:92:in `set_binary_encoding'
actionpack (5.2.6) lib/action_dispatch/http/parameters.rb:69:in `path_parameters='
actionpack (5.2.6) lib/action_dispatch/journey/router.rb:50:in `block in serve'
actionpack (5.2.6) lib/action_dispatch/journey/router.rb:35:in `each'
actionpack (5.2.6) lib/action_dispatch/journey/router.rb:35:in `serve'
actionpack (5.2.6) lib/action_dispatch/routing/route_set.rb:840:in `call'
rack (2.2.3) lib/rack/tempfile_reaper.rb:15:in `call'
rack (2.2.3) lib/rack/etag.rb:27:in `call'
rack (2.2.3) lib/rack/conditional_get.rb:27:in `call'
rack (2.2.3) lib/rack/head.rb:12:in `call'
actionpack (5.2.6) lib/action_dispatch/http/content_security_policy.rb:18:in `call'
rack (2.2.3) lib/rack/session/abstract/id.rb:266:in `context'
rack (2.2.3) lib/rack/session/abstract/id.rb:260:in `call'
actionpack (5.2.6) lib/action_dispatch/middleware/cookies.rb:670:in `call'
activerecord (5.2.6) lib/active_record/migration.rb:559:in `call'
actionpack (5.2.6) lib/action_dispatch/middleware/callbacks.rb:28:in `block in call'
activesupport (5.2.6) lib/active_support/callbacks.rb:98:in `run_callbacks'
actionpack (5.2.6) lib/action_dispatch/middleware/callbacks.rb:26:in `call'
actionpack (5.2.6) lib/action_dispatch/middleware/executor.rb:14:in `call'
actionpack (5.2.6) lib/action_dispatch/middleware/debug_exceptions.rb:61:in `call'
web-console (3.7.0) lib/web_console/middleware.rb:135:in `call_app'
web-console (3.7.0) lib/web_console/middleware.rb:30:in `block in call'
web-console (3.7.0) lib/web_console/middleware.rb:20:in `catch'
web-console (3.7.0) lib/web_console/middleware.rb:20:in `call'
actionpack (5.2.6) lib/action_dispatch/middleware/show_exceptions.rb:33:in `call'
railties (5.2.6) lib/rails/rack/logger.rb:38:in `call_app'
railties (5.2.6) lib/rails/rack/logger.rb:26:in `block in call'
activesupport (5.2.6) lib/active_support/tagged_logging.rb:71:in `block in tagged'
activesupport (5.2.6) lib/active_support/tagged_logging.rb:28:in `tagged'
activesupport (5.2.6) lib/active_support/tagged_logging.rb:71:in `tagged'
railties (5.2.6) lib/rails/rack/logger.rb:26:in `call'
sprockets-rails (3.4.0) lib/sprockets/rails/quiet_assets.rb:13:in `call'
actionpack (5.2.6) lib/action_dispatch/middleware/remote_ip.rb:81:in `call'
actionpack (5.2.6) lib/action_dispatch/middleware/request_id.rb:27:in `call'
rack (2.2.3) lib/rack/method_override.rb:24:in `call'
rack (2.2.3) lib/rack/runtime.rb:22:in `call'
activesupport (5.2.6) lib/active_support/cache/strategy/local_cache_middleware.rb:29:in `call'
actionpack (5.2.6) lib/action_dispatch/middleware/executor.rb:14:in `call'
actionpack (5.2.6) lib/action_dispatch/middleware/static.rb:127:in `call'
rack (2.2.3) lib/rack/sendfile.rb:110:in `call'
railties (5.2.6) lib/rails/engine.rb:524:in `call'
puma (3.12.6) lib/puma/configuration.rb:227:in `call'
puma (3.12.6) lib/puma/server.rb:706:in `handle_request'
puma (3.12.6) lib/puma/server.rb:476:in `process_client'
puma (3.12.6) lib/puma/server.rb:334:in `block in run'
puma (3.12.6) lib/puma/thread_pool.rb:135:in `block in spawn_thread'
Started GET "/articles" for ::1 at 2021-11-19 15:32:51 -0300
Processing by ArticlesController#index as HTML
  Rendering articles/index.html.erb within layouts/application
  Rendered articles/index.html.erb within layouts/application (0.6ms)
Completed 200 OK in 25ms (Views: 24.2ms | ActiveRecord: 0.0ms)


Started GET "/articles" for ::1 at 2021-11-19 15:33:19 -0300
  
LoadError (Unable to autoload constant ArticlesController, expected /home/anahvi/dev/prevision/bteste/app/controllers/articles_controller.rb to define it):
  
activesupport (5.2.6) lib/active_support/dependencies.rb:511:in `load_missing_constant'
activesupport (5.2.6) lib/active_support/dependencies.rb:195:in `const_missing'
activesupport (5.2.6) lib/active_support/inflector/methods.rb:283:in `const_get'
activesupport (5.2.6) lib/active_support/inflector/methods.rb:283:in `block in constantize'
activesupport (5.2.6) lib/active_support/inflector/methods.rb:281:in `each'
activesupport (5.2.6) lib/active_support/inflector/methods.rb:281:in `inject'
activesupport (5.2.6) lib/active_support/inflector/methods.rb:281:in `constantize'
activesupport (5.2.6) lib/active_support/dependencies.rb:582:in `get'
activesupport (5.2.6) lib/active_support/dependencies.rb:613:in `constantize'
actionpack (5.2.6) lib/action_dispatch/http/request.rb:88:in `controller_class_for'
actionpack (5.2.6) lib/action_dispatch/http/parameters.rb:101:in `binary_params_for?'
actionpack (5.2.6) lib/action_dispatch/http/parameters.rb:92:in `set_binary_encoding'
actionpack (5.2.6) lib/action_dispatch/http/parameters.rb:69:in `path_parameters='
actionpack (5.2.6) lib/action_dispatch/journey/router.rb:50:in `block in serve'
actionpack (5.2.6) lib/action_dispatch/journey/router.rb:35:in `each'
actionpack (5.2.6) lib/action_dispatch/journey/router.rb:35:in `serve'
actionpack (5.2.6) lib/action_dispatch/routing/route_set.rb:840:in `call'
rack (2.2.3) lib/rack/tempfile_reaper.rb:15:in `call'
rack (2.2.3) lib/rack/etag.rb:27:in `call'
rack (2.2.3) lib/rack/conditional_get.rb:27:in `call'
rack (2.2.3) lib/rack/head.rb:12:in `call'
actionpack (5.2.6) lib/action_dispatch/http/content_security_policy.rb:18:in `call'
rack (2.2.3) lib/rack/session/abstract/id.rb:266:in `context'
rack (2.2.3) lib/rack/session/abstract/id.rb:260:in `call'
actionpack (5.2.6) lib/action_dispatch/middleware/cookies.rb:670:in `call'
activerecord (5.2.6) lib/active_record/migration.rb:559:in `call'
actionpack (5.2.6) lib/action_dispatch/middleware/callbacks.rb:28:in `block in call'
activesupport (5.2.6) lib/active_support/callbacks.rb:98:in `run_callbacks'
actionpack (5.2.6) lib/action_dispatch/middleware/callbacks.rb:26:in `call'
actionpack (5.2.6) lib/action_dispatch/middleware/executor.rb:14:in `call'
actionpack (5.2.6) lib/action_dispatch/middleware/debug_exceptions.rb:61:in `call'
web-console (3.7.0) lib/web_console/middleware.rb:135:in `call_app'
web-console (3.7.0) lib/web_console/middleware.rb:30:in `block in call'
web-console (3.7.0) lib/web_console/middleware.rb:20:in `catch'
web-console (3.7.0) lib/web_console/middleware.rb:20:in `call'
actionpack (5.2.6) lib/action_dispatch/middleware/show_exceptions.rb:33:in `call'
railties (5.2.6) lib/rails/rack/logger.rb:38:in `call_app'
railties (5.2.6) lib/rails/rack/logger.rb:26:in `block in call'
activesupport (5.2.6) lib/active_support/tagged_logging.rb:71:in `block in tagged'
activesupport (5.2.6) lib/active_support/tagged_logging.rb:28:in `tagged'
activesupport (5.2.6) lib/active_support/tagged_logging.rb:71:in `tagged'
railties (5.2.6) lib/rails/rack/logger.rb:26:in `call'
sprockets-rails (3.4.0) lib/sprockets/rails/quiet_assets.rb:13:in `call'
actionpack (5.2.6) lib/action_dispatch/middleware/remote_ip.rb:81:in `call'
actionpack (5.2.6) lib/action_dispatch/middleware/request_id.rb:27:in `call'
rack (2.2.3) lib/rack/method_override.rb:24:in `call'
rack (2.2.3) lib/rack/runtime.rb:22:in `call'
activesupport (5.2.6) lib/active_support/cache/strategy/local_cache_middleware.rb:29:in `call'
actionpack (5.2.6) lib/action_dispatch/middleware/executor.rb:14:in `call'
actionpack (5.2.6) lib/action_dispatch/middleware/static.rb:127:in `call'
rack (2.2.3) lib/rack/sendfile.rb:110:in `call'
railties (5.2.6) lib/rails/engine.rb:524:in `call'
puma (3.12.6) lib/puma/configuration.rb:227:in `call'
puma (3.12.6) lib/puma/server.rb:706:in `handle_request'
puma (3.12.6) lib/puma/server.rb:476:in `process_client'
puma (3.12.6) lib/puma/server.rb:334:in `block in run'
puma (3.12.6) lib/puma/thread_pool.rb:135:in `block in spawn_thread'
Started GET "/articles" for ::1 at 2021-11-19 15:33:30 -0300
Processing by ArticlesController#index as HTML
  Rendering articles/index.html.erb within layouts/application
  Rendered articles/index.html.erb within layouts/application (0.8ms)
Completed 200 OK in 26ms (Views: 23.9ms | ActiveRecord: 0.0ms)


Started GET "/articles" for ::1 at 2021-11-19 15:35:01 -0300
Processing by ArticlesController#index as HTML
  Rendering articles/index.html.erb within layouts/application
  [1m[36mArticle Load (0.2ms)[0m  [1m[34mSELECT "articles".* FROM "articles"[0m
  ↳ app/views/articles/index.html.erb:6
  Rendered articles/index.html.erb within layouts/application (5.2ms)
Completed 200 OK in 26ms (Views: 23.2ms | ActiveRecord: 0.7ms)


Started GET "/articles" for ::1 at 2021-11-19 15:35:38 -0300
  
LoadError (Unable to autoload constant Articles4Controller, expected /home/anahvi/dev/prevision/bteste/app/controllers/articles4_controller.rb to define it):
  
activesupport (5.2.6) lib/active_support/dependencies.rb:511:in `load_missing_constant'
activesupport (5.2.6) lib/active_support/dependencies.rb:195:in `const_missing'
activesupport (5.2.6) lib/active_support/inflector/methods.rb:283:in `const_get'
activesupport (5.2.6) lib/active_support/inflector/methods.rb:283:in `block in constantize'
activesupport (5.2.6) lib/active_support/inflector/methods.rb:281:in `each'
activesupport (5.2.6) lib/active_support/inflector/methods.rb:281:in `inject'
activesupport (5.2.6) lib/active_support/inflector/methods.rb:281:in `constantize'
activesupport (5.2.6) lib/active_support/dependencies.rb:582:in `get'
activesupport (5.2.6) lib/active_support/dependencies.rb:613:in `constantize'
actionpack (5.2.6) lib/action_dispatch/http/request.rb:88:in `controller_class_for'
actionpack (5.2.6) lib/action_dispatch/http/parameters.rb:101:in `binary_params_for?'
actionpack (5.2.6) lib/action_dispatch/http/parameters.rb:92:in `set_binary_encoding'
actionpack (5.2.6) lib/action_dispatch/http/parameters.rb:69:in `path_parameters='
actionpack (5.2.6) lib/action_dispatch/journey/router.rb:50:in `block in serve'
actionpack (5.2.6) lib/action_dispatch/journey/router.rb:35:in `each'
actionpack (5.2.6) lib/action_dispatch/journey/router.rb:35:in `serve'
actionpack (5.2.6) lib/action_dispatch/routing/route_set.rb:840:in `call'
rack (2.2.3) lib/rack/tempfile_reaper.rb:15:in `call'
rack (2.2.3) lib/rack/etag.rb:27:in `call'
rack (2.2.3) lib/rack/conditional_get.rb:27:in `call'
rack (2.2.3) lib/rack/head.rb:12:in `call'
actionpack (5.2.6) lib/action_dispatch/http/content_security_policy.rb:18:in `call'
rack (2.2.3) lib/rack/session/abstract/id.rb:266:in `context'
rack (2.2.3) lib/rack/session/abstract/id.rb:260:in `call'
actionpack (5.2.6) lib/action_dispatch/middleware/cookies.rb:670:in `call'
activerecord (5.2.6) lib/active_record/migration.rb:559:in `call'
actionpack (5.2.6) lib/action_dispatch/middleware/callbacks.rb:28:in `block in call'
activesupport (5.2.6) lib/active_support/callbacks.rb:98:in `run_callbacks'
actionpack (5.2.6) lib/action_dispatch/middleware/callbacks.rb:26:in `call'
actionpack (5.2.6) lib/action_dispatch/middleware/executor.rb:14:in `call'
actionpack (5.2.6) lib/action_dispatch/middleware/debug_exceptions.rb:61:in `call'
web-console (3.7.0) lib/web_console/middleware.rb:135:in `call_app'
web-console (3.7.0) lib/web_console/middleware.rb:30:in `block in call'
web-console (3.7.0) lib/web_console/middleware.rb:20:in `catch'
web-console (3.7.0) lib/web_console/middleware.rb:20:in `call'
actionpack (5.2.6) lib/action_dispatch/middleware/show_exceptions.rb:33:in `call'
railties (5.2.6) lib/rails/rack/logger.rb:38:in `call_app'
railties (5.2.6) lib/rails/rack/logger.rb:26:in `block in call'
activesupport (5.2.6) lib/active_support/tagged_logging.rb:71:in `block in tagged'
activesupport (5.2.6) lib/active_support/tagged_logging.rb:28:in `tagged'
activesupport (5.2.6) lib/active_support/tagged_logging.rb:71:in `tagged'
railties (5.2.6) lib/rails/rack/logger.rb:26:in `call'
sprockets-rails (3.4.0) lib/sprockets/rails/quiet_assets.rb:13:in `call'
actionpack (5.2.6) lib/action_dispatch/middleware/remote_ip.rb:81:in `call'
actionpack (5.2.6) lib/action_dispatch/middleware/request_id.rb:27:in `call'
rack (2.2.3) lib/rack/method_override.rb:24:in `call'
rack (2.2.3) lib/rack/runtime.rb:22:in `call'
activesupport (5.2.6) lib/active_support/cache/strategy/local_cache_middleware.rb:29:in `call'
actionpack (5.2.6) lib/action_dispatch/middleware/executor.rb:14:in `call'
actionpack (5.2.6) lib/action_dispatch/middleware/static.rb:127:in `call'
rack (2.2.3) lib/rack/sendfile.rb:110:in `call'
railties (5.2.6) lib/rails/engine.rb:524:in `call'
puma (3.12.6) lib/puma/configuration.rb:227:in `call'
puma (3.12.6) lib/puma/server.rb:706:in `handle_request'
puma (3.12.6) lib/puma/server.rb:476:in `process_client'
puma (3.12.6) lib/puma/server.rb:334:in `block in run'
puma (3.12.6) lib/puma/thread_pool.rb:135:in `block in spawn_thread'
Started GET "/articles" for ::1 at 2021-11-19 15:35:52 -0300
Processing by ArticlesController#index as HTML
  Rendering articles/index.html.erb within layouts/application
  [1m[36mArticle Load (0.2ms)[0m  [1m[34mSELECT "articles".* FROM "articles"[0m
  ↳ app/views/articles/index.html.erb:6
  Rendered articles/index.html.erb within layouts/application (6.6ms)
Completed 200 OK in 33ms (Views: 29.5ms | ActiveRecord: 0.9ms)


Started GET "/articles4" for ::1 at 2021-11-19 15:36:05 -0300
  
LoadError (Unable to autoload constant Articles4Controller, expected /home/anahvi/dev/prevision/bteste/app/controllers/articles4_controller.rb to define it):
  
activesupport (5.2.6) lib/active_support/dependencies.rb:511:in `load_missing_constant'
activesupport (5.2.6) lib/active_support/dependencies.rb:195:in `const_missing'
activesupport (5.2.6) lib/active_support/inflector/methods.rb:283:in `const_get'
activesupport (5.2.6) lib/active_support/inflector/methods.rb:283:in `block in constantize'
activesupport (5.2.6) lib/active_support/inflector/methods.rb:281:in `each'
activesupport (5.2.6) lib/active_support/inflector/methods.rb:281:in `inject'
activesupport (5.2.6) lib/active_support/inflector/methods.rb:281:in `constantize'
activesupport (5.2.6) lib/active_support/dependencies.rb:582:in `get'
activesupport (5.2.6) lib/active_support/dependencies.rb:613:in `constantize'
actionpack (5.2.6) lib/action_dispatch/http/request.rb:88:in `controller_class_for'
actionpack (5.2.6) lib/action_dispatch/http/parameters.rb:101:in `binary_params_for?'
actionpack (5.2.6) lib/action_dispatch/http/parameters.rb:92:in `set_binary_encoding'
actionpack (5.2.6) lib/action_dispatch/http/parameters.rb:69:in `path_parameters='
actionpack (5.2.6) lib/action_dispatch/journey/router.rb:50:in `block in serve'
actionpack (5.2.6) lib/action_dispatch/journey/router.rb:35:in `each'
actionpack (5.2.6) lib/action_dispatch/journey/router.rb:35:in `serve'
actionpack (5.2.6) lib/action_dispatch/routing/route_set.rb:840:in `call'
rack (2.2.3) lib/rack/tempfile_reaper.rb:15:in `call'
rack (2.2.3) lib/rack/etag.rb:27:in `call'
rack (2.2.3) lib/rack/conditional_get.rb:27:in `call'
rack (2.2.3) lib/rack/head.rb:12:in `call'
actionpack (5.2.6) lib/action_dispatch/http/content_security_policy.rb:18:in `call'
rack (2.2.3) lib/rack/session/abstract/id.rb:266:in `context'
rack (2.2.3) lib/rack/session/abstract/id.rb:260:in `call'
actionpack (5.2.6) lib/action_dispatch/middleware/cookies.rb:670:in `call'
activerecord (5.2.6) lib/active_record/migration.rb:559:in `call'
actionpack (5.2.6) lib/action_dispatch/middleware/callbacks.rb:28:in `block in call'
activesupport (5.2.6) lib/active_support/callbacks.rb:98:in `run_callbacks'
actionpack (5.2.6) lib/action_dispatch/middleware/callbacks.rb:26:in `call'
actionpack (5.2.6) lib/action_dispatch/middleware/executor.rb:14:in `call'
actionpack (5.2.6) lib/action_dispatch/middleware/debug_exceptions.rb:61:in `call'
web-console (3.7.0) lib/web_console/middleware.rb:135:in `call_app'
web-console (3.7.0) lib/web_console/middleware.rb:30:in `block in call'
web-console (3.7.0) lib/web_console/middleware.rb:20:in `catch'
web-console (3.7.0) lib/web_console/middleware.rb:20:in `call'
actionpack (5.2.6) lib/action_dispatch/middleware/show_exceptions.rb:33:in `call'
railties (5.2.6) lib/rails/rack/logger.rb:38:in `call_app'
railties (5.2.6) lib/rails/rack/logger.rb:26:in `block in call'
activesupport (5.2.6) lib/active_support/tagged_logging.rb:71:in `block in tagged'
activesupport (5.2.6) lib/active_support/tagged_logging.rb:28:in `tagged'
activesupport (5.2.6) lib/active_support/tagged_logging.rb:71:in `tagged'
railties (5.2.6) lib/rails/rack/logger.rb:26:in `call'
sprockets-rails (3.4.0) lib/sprockets/rails/quiet_assets.rb:13:in `call'
actionpack (5.2.6) lib/action_dispatch/middleware/remote_ip.rb:81:in `call'
actionpack (5.2.6) lib/action_dispatch/middleware/request_id.rb:27:in `call'
rack (2.2.3) lib/rack/method_override.rb:24:in `call'
rack (2.2.3) lib/rack/runtime.rb:22:in `call'
activesupport (5.2.6) lib/active_support/cache/strategy/local_cache_middleware.rb:29:in `call'
actionpack (5.2.6) lib/action_dispatch/middleware/executor.rb:14:in `call'
actionpack (5.2.6) lib/action_dispatch/middleware/static.rb:127:in `call'
rack (2.2.3) lib/rack/sendfile.rb:110:in `call'
railties (5.2.6) lib/rails/engine.rb:524:in `call'
puma (3.12.6) lib/puma/configuration.rb:227:in `call'
puma (3.12.6) lib/puma/server.rb:706:in `handle_request'
puma (3.12.6) lib/puma/server.rb:476:in `process_client'
puma (3.12.6) lib/puma/server.rb:334:in `block in run'
puma (3.12.6) lib/puma/thread_pool.rb:135:in `block in spawn_thread'
Started GET "/articles2" for ::1 at 2021-11-19 15:37:33 -0300
Processing by Articles2Controller#index as HTML
  Rendering articles2/index.html.erb within layouts/application
  Rendered articles2/index.html.erb within layouts/application (0.4ms)
Completed 200 OK in 19ms (Views: 18.1ms | ActiveRecord: 0.0ms)


Started GET "/articles3" for ::1 at 2021-11-19 15:37:34 -0300
Processing by Articles3Controller#index as HTML
  Rendering articles3/index.html.erb within layouts/application
  Rendered articles3/index.html.erb within layouts/application (0.9ms)
Completed 200 OK in 64ms (Views: 62.2ms | ActiveRecord: 0.0ms)


Started GET "/articles" for ::1 at 2021-11-19 15:37:36 -0300
Processing by ArticlesController#index as HTML
  Rendering articles/index.html.erb within layouts/application
  [1m[36mArticle Load (0.2ms)[0m  [1m[34mSELECT "articles".* FROM "articles"[0m
  ↳ app/views/articles/index.html.erb:6
  Rendered articles/index.html.erb within layouts/application (6.2ms)
Completed 200 OK in 26ms (Views: 22.7ms | ActiveRecord: 0.9ms)


Started GET "/articles4" for ::1 at 2021-11-19 15:37:54 -0300
  
LoadError (Unable to autoload constant Articles4Controller, expected /home/anahvi/dev/prevision/bteste/app/controllers/articles4_controller.rb to define it):
  
activesupport (5.2.6) lib/active_support/dependencies.rb:511:in `load_missing_constant'
activesupport (5.2.6) lib/active_support/dependencies.rb:195:in `const_missing'
activesupport (5.2.6) lib/active_support/inflector/methods.rb:283:in `const_get'
activesupport (5.2.6) lib/active_support/inflector/methods.rb:283:in `block in constantize'
activesupport (5.2.6) lib/active_support/inflector/methods.rb:281:in `each'
activesupport (5.2.6) lib/active_support/inflector/methods.rb:281:in `inject'
activesupport (5.2.6) lib/active_support/inflector/methods.rb:281:in `constantize'
activesupport (5.2.6) lib/active_support/dependencies.rb:582:in `get'
activesupport (5.2.6) lib/active_support/dependencies.rb:613:in `constantize'
actionpack (5.2.6) lib/action_dispatch/http/request.rb:88:in `controller_class_for'
actionpack (5.2.6) lib/action_dispatch/http/parameters.rb:101:in `binary_params_for?'
actionpack (5.2.6) lib/action_dispatch/http/parameters.rb:92:in `set_binary_encoding'
actionpack (5.2.6) lib/action_dispatch/http/parameters.rb:69:in `path_parameters='
actionpack (5.2.6) lib/action_dispatch/journey/router.rb:50:in `block in serve'
actionpack (5.2.6) lib/action_dispatch/journey/router.rb:35:in `each'
actionpack (5.2.6) lib/action_dispatch/journey/router.rb:35:in `serve'
actionpack (5.2.6) lib/action_dispatch/routing/route_set.rb:840:in `call'
rack (2.2.3) lib/rack/tempfile_reaper.rb:15:in `call'
rack (2.2.3) lib/rack/etag.rb:27:in `call'
rack (2.2.3) lib/rack/conditional_get.rb:27:in `call'
rack (2.2.3) lib/rack/head.rb:12:in `call'
actionpack (5.2.6) lib/action_dispatch/http/content_security_policy.rb:18:in `call'
rack (2.2.3) lib/rack/session/abstract/id.rb:266:in `context'
rack (2.2.3) lib/rack/session/abstract/id.rb:260:in `call'
actionpack (5.2.6) lib/action_dispatch/middleware/cookies.rb:670:in `call'
activerecord (5.2.6) lib/active_record/migration.rb:559:in `call'
actionpack (5.2.6) lib/action_dispatch/middleware/callbacks.rb:28:in `block in call'
activesupport (5.2.6) lib/active_support/callbacks.rb:98:in `run_callbacks'
actionpack (5.2.6) lib/action_dispatch/middleware/callbacks.rb:26:in `call'
actionpack (5.2.6) lib/action_dispatch/middleware/executor.rb:14:in `call'
actionpack (5.2.6) lib/action_dispatch/middleware/debug_exceptions.rb:61:in `call'
web-console (3.7.0) lib/web_console/middleware.rb:135:in `call_app'
web-console (3.7.0) lib/web_console/middleware.rb:30:in `block in call'
web-console (3.7.0) lib/web_console/middleware.rb:20:in `catch'
web-console (3.7.0) lib/web_console/middleware.rb:20:in `call'
actionpack (5.2.6) lib/action_dispatch/middleware/show_exceptions.rb:33:in `call'
railties (5.2.6) lib/rails/rack/logger.rb:38:in `call_app'
railties (5.2.6) lib/rails/rack/logger.rb:26:in `block in call'
activesupport (5.2.6) lib/active_support/tagged_logging.rb:71:in `block in tagged'
activesupport (5.2.6) lib/active_support/tagged_logging.rb:28:in `tagged'
activesupport (5.2.6) lib/active_support/tagged_logging.rb:71:in `tagged'
railties (5.2.6) lib/rails/rack/logger.rb:26:in `call'
sprockets-rails (3.4.0) lib/sprockets/rails/quiet_assets.rb:13:in `call'
actionpack (5.2.6) lib/action_dispatch/middleware/remote_ip.rb:81:in `call'
actionpack (5.2.6) lib/action_dispatch/middleware/request_id.rb:27:in `call'
rack (2.2.3) lib/rack/method_override.rb:24:in `call'
rack (2.2.3) lib/rack/runtime.rb:22:in `call'
activesupport (5.2.6) lib/active_support/cache/strategy/local_cache_middleware.rb:29:in `call'
actionpack (5.2.6) lib/action_dispatch/middleware/executor.rb:14:in `call'
actionpack (5.2.6) lib/action_dispatch/middleware/static.rb:127:in `call'
rack (2.2.3) lib/rack/sendfile.rb:110:in `call'
railties (5.2.6) lib/rails/engine.rb:524:in `call'
puma (3.12.6) lib/puma/configuration.rb:227:in `call'
puma (3.12.6) lib/puma/server.rb:706:in `handle_request'
puma (3.12.6) lib/puma/server.rb:476:in `process_client'
puma (3.12.6) lib/puma/server.rb:334:in `block in run'
puma (3.12.6) lib/puma/thread_pool.rb:135:in `block in spawn_thread'
Started GET "/articles4" for ::1 at 2021-11-19 15:39:33 -0300
Processing by Articles4Controller#index as HTML
  Rendering articles4/index.html.erb within layouts/application
  Rendered articles4/index.html.erb within layouts/application (0.4ms)
Completed 200 OK in 28ms (Views: 26.3ms | ActiveRecord: 0.0ms)


Started GET "/articles2" for ::1 at 2021-11-19 15:39:47 -0300
Processing by Articles2Controller#index as HTML
  Rendering articles2/index.html.erb within layouts/application
  Rendered articles2/index.html.erb within layouts/application (0.8ms)
Completed 200 OK in 42ms (Views: 40.0ms | ActiveRecord: 0.0ms)


Started GET "/articles3" for ::1 at 2021-11-19 15:39:50 -0300
Processing by Articles3Controller#index as HTML
  Rendering articles3/index.html.erb within layouts/application
  Rendered articles3/index.html.erb within layouts/application (0.4ms)
Completed 200 OK in 27ms (Views: 25.8ms | ActiveRecord: 0.0ms)


Started GET "/articles" for ::1 at 2021-11-19 15:39:52 -0300
Processing by ArticlesController#index as HTML
  Rendering articles/index.html.erb within layouts/application
  [1m[36mArticle Load (0.2ms)[0m  [1m[34mSELECT "articles".* FROM "articles"[0m
  ↳ app/views/articles/index.html.erb:6
  Rendered articles/index.html.erb within layouts/application (7.0ms)
Completed 200 OK in 31ms (Views: 28.3ms | ActiveRecord: 0.9ms)


Started GET "/articles" for ::1 at 2021-11-19 15:41:38 -0300
Processing by ArticlesController#index as HTML
  Rendering articles/index.html.erb within layouts/application
  [1m[36mArticle Load (0.2ms)[0m  [1m[34mSELECT "articles".* FROM "articles"[0m
  ↳ app/views/articles/index.html.erb:5
  Rendered articles/index.html.erb within layouts/application (1.9ms)
Completed 200 OK in 36ms (Views: 34.0ms | ActiveRecord: 0.2ms)


Started GET "/articles4" for ::1 at 2021-11-19 15:41:52 -0300
Processing by Articles4Controller#index as HTML
  Rendering articles4/index.html.erb within layouts/application
  Rendered articles4/index.html.erb within layouts/application (0.5ms)
Completed 200 OK in 27ms (Views: 26.0ms | ActiveRecord: 0.0ms)


Started GET "/articles2" for ::1 at 2021-11-19 15:42:09 -0300
Processing by Articles2Controller#index as HTML
  Rendering articles2/index.html.erb within layouts/application
  Rendered articles2/index.html.erb within layouts/application (0.5ms)
Completed 200 OK in 22ms (Views: 21.0ms | ActiveRecord: 0.0ms)


Started GET "/articles3" for ::1 at 2021-11-19 15:42:13 -0300
Processing by Articles3Controller#index as HTML
  Rendering articles3/index.html.erb within layouts/application
  Rendered articles3/index.html.erb within layouts/application (0.6ms)
Completed 200 OK in 23ms (Views: 21.7ms | ActiveRecord: 0.0ms)


Started GET "/articles" for ::1 at 2021-11-19 15:42:19 -0300
Processing by ArticlesController#index as HTML
  Rendering articles/index.html.erb within layouts/application
  [1m[36mArticle Load (0.1ms)[0m  [1m[34mSELECT "articles".* FROM "articles"[0m
  ↳ app/views/articles/index.html.erb:5
  Rendered articles/index.html.erb within layouts/application (1.2ms)
Completed 200 OK in 27ms (Views: 24.9ms | ActiveRecord: 0.1ms)


Started GET "/" for ::1 at 2021-11-19 16:20:50 -0300
Processing by ArticlesController#index as HTML
  Rendering articles/index.html.erb within layouts/application
  [1m[36mArticle Load (0.2ms)[0m  [1m[34mSELECT "articles".* FROM "articles"[0m
  ↳ app/views/articles/index.html.erb:5
  Rendered articles/index.html.erb within layouts/application (2.7ms)
Completed 200 OK in 88ms (Views: 75.9ms | ActiveRecord: 0.2ms)


Started GET "/articles2" for ::1 at 2021-11-19 16:21:00 -0300
Processing by Articles2Controller#index as HTML
  Rendering articles2/index.html.erb within layouts/application
  Rendered articles2/index.html.erb within layouts/application (0.6ms)
Completed 200 OK in 66ms (Views: 63.3ms | ActiveRecord: 0.0ms)


Started GET "/articles2" for ::1 at 2021-11-19 16:22:26 -0300
Processing by Articles2Controller#index as HTML
  Rendering articles2/index.html.erb within layouts/application
  Rendered articles2/index.html.erb within layouts/application (0.5ms)
Completed 200 OK in 29ms (Views: 27.4ms | ActiveRecord: 0.0ms)


Started GET "/articles3" for ::1 at 2021-11-19 16:24:43 -0300
Processing by Articles3Controller#index as HTML
  Rendering articles3/index.html.erb within layouts/application
  Rendered articles3/index.html.erb within layouts/application (0.8ms)
Completed 200 OK in 99ms (Views: 96.5ms | ActiveRecord: 0.0ms)


Started GET "/articles4" for ::1 at 2021-11-19 16:27:38 -0300
Processing by Articles4Controller#index as HTML
  Rendering articles4/index.html.erb within layouts/application
  Rendered articles4/index.html.erb within layouts/application (0.5ms)
Completed 200 OK in 79ms (Views: 78.5ms | ActiveRecord: 0.0ms)


Started GET "/articles2" for ::1 at 2021-11-19 16:27:45 -0300
Processing by Articles2Controller#index as HTML
  Rendering articles2/index.html.erb within layouts/application
  Rendered articles2/index.html.erb within layouts/application (0.5ms)
Completed 200 OK in 67ms (Views: 64.8ms | ActiveRecord: 0.0ms)


  [1m[35m (0.1ms)[0m  [1m[36mbegin transaction[0m
  [1m[36mArticle Create (2.2ms)[0m  [1m[32mINSERT INTO "articles" ("title", "body", "created_at", "updated_at") VALUES (?, ?, ?, ?)[0m  [["title", "Up-Altas ideias"], ["body", "Ana,Gabs,Dan,Maths"], ["created_at", "2021-11-19 19:29:07.775214"], ["updated_at", "2021-11-19 19:29:07.775214"]]
  [1m[35m (80.1ms)[0m  [1m[36mcommit transaction[0m
Started GET "/articles3" for ::1 at 2021-11-19 16:29:13 -0300
Processing by Articles3Controller#index as HTML
  Rendering articles3/index.html.erb within layouts/application
  Rendered articles3/index.html.erb within layouts/application (0.5ms)
Completed 200 OK in 41ms (Views: 40.2ms | ActiveRecord: 0.0ms)


Started GET "/articles" for ::1 at 2021-11-19 16:29:14 -0300
Processing by ArticlesController#index as HTML
  Rendering articles/index.html.erb within layouts/application
  [1m[36mArticle Load (0.2ms)[0m  [1m[34mSELECT "articles".* FROM "articles"[0m
  ↳ app/views/articles/index.html.erb:5
  Rendered articles/index.html.erb within layouts/application (1.7ms)
Completed 200 OK in 80ms (Views: 78.7ms | ActiveRecord: 0.2ms)


